<?xml version="1.0" encoding="UTF-8"?>
<!-- Generated by org.testng.reporters.JUnitXMLReporter -->
<testsuite hostname="DESKTOP-EDH5CLB" ignored="0" name="Default test" tests="3" failures="0" timestamp="2022-09-13T17:53:48 IST" time="5.618" errors="0">
  <testcase name="checkResponseBody" time="0.124" classname="com.employee.TestCases.TC005_DELETERecord"/>
  <testcase name="checkStatusCode" time="0.016" classname="com.employee.TestCases.TC005_DELETERecord"/>
  <testcase name="checkStatusLine" time="0.016" classname="com.employee.TestCases.TC005_DELETERecord"/>
</testsuite> <!-- Default test -->
