<?xml version="1.0" encoding="UTF-8"?>
<!-- Generated by org.testng.reporters.JUnitXMLReporter -->
<testsuite hostname="DESKTOP-EDH5CLB" ignored="0" name="Default test" tests="3" failures="0" timestamp="2022-09-13T11:21:13 IST" time="5.176" errors="0">
  <testcase name="checkResponseBody" time="0.102" classname="com.employee.TestCases.TC002_GET_SingleEmployeeData"/>
  <testcase name="checkResponseTime" time="0.014" classname="com.employee.TestCases.TC002_GET_SingleEmployeeData"/>
  <testcase name="checkStatusCode" time="0.016" classname="com.employee.TestCases.TC002_GET_SingleEmployeeData"/>
</testsuite> <!-- Default test -->
