<?xml version="1.0" encoding="UTF-8"?>
<!-- Generated by org.testng.reporters.JUnitXMLReporter -->
<testsuite hostname="DESKTOP-EDH5CLB" ignored="0" name="Test" tests="27" failures="6" timestamp="2022-09-13T18:07:27 IST" time="14.247" errors="0">
  <testcase name="checkContentEncoding" time="0.029" classname="com.employee.TestCases.TC001_GET_AllEmployeeData"/>
  <testcase name="checkResponseBody" time="0.08" classname="com.employee.TestCases.TC001_GET_AllEmployeeData"/>
  <testcase name="checkResponseTime" time="0.008" classname="com.employee.TestCases.TC001_GET_AllEmployeeData"/>
  <testcase name="checkServerType" time="0.008" classname="com.employee.TestCases.TC001_GET_AllEmployeeData"/>
  <testcase name="checkStatusCode" time="0.008" classname="com.employee.TestCases.TC001_GET_AllEmployeeData"/>
  <testcase name="checkStatusLine" time="0.008" classname="com.employee.TestCases.TC001_GET_AllEmployeeData"/>
  <testcase name="tearDown" time="0.008" classname="com.employee.TestCases.TC001_GET_AllEmployeeData"/>
  <testcase name="checkResponseBody" time="0.029" classname="com.employee.TestCases.TC005_DELETERecord">
    <failure type="java.lang.AssertionError" message="expected [true] but found [false]">
      <![CDATA[java.lang.AssertionError: expected [true] but found [false]
at com.employee.TestCases.TC005_DELETERecord.checkResponseBody(TC005_DELETERecord.java:53)
at java.util.ArrayList.forEach(Unknown Source)
... Removed 32 stack frames]]>
    </failure>
  </testcase> <!-- checkResponseBody -->
  <testcase name="checkStatusCode" time="0.016" classname="com.employee.TestCases.TC005_DELETERecord">
    <failure type="java.lang.AssertionError" message="expected [200] but found [429]">
      <![CDATA[java.lang.AssertionError: expected [200] but found [429]
at com.employee.TestCases.TC005_DELETERecord.checkStatusCode(TC005_DELETERecord.java:35)
at java.util.ArrayList.forEach(Unknown Source)
... Removed 32 stack frames]]>
    </failure>
  </testcase> <!-- checkStatusCode -->
  <testcase name="checkStatusLine" time="0.0" classname="com.employee.TestCases.TC005_DELETERecord">
    <failure type="java.lang.AssertionError" message="expected [HTTP/1.1 200 OK] but found [HTTP/1.1 429 Too Many Requests]">
      <![CDATA[java.lang.AssertionError: expected [HTTP/1.1 200 OK] but found [HTTP/1.1 429 Too Many Requests]
at com.employee.TestCases.TC005_DELETERecord.checkStatusLine(TC005_DELETERecord.java:44)
at java.util.ArrayList.forEach(Unknown Source)
... Removed 32 stack frames]]>
    </failure>
  </testcase> <!-- checkStatusLine -->
  <testcase name="checkContentEncoding" time="0.007" classname="com.employee.TestCases.TC003_POST_EmployeeRecord">
    <failure type="java.lang.AssertionError" message="expected [gzip] but found [null]">
      <![CDATA[java.lang.AssertionError: expected [gzip] but found [null]
at com.employee.TestCases.TC003_POST_EmployeeRecord.checkContentEncoding(TC003_POST_EmployeeRecord.java:78)
at java.util.ArrayList.forEach(Unknown Source)
... Removed 33 stack frames]]>
    </failure>
  </testcase> <!-- checkContentEncoding -->
  <testcase name="checkResponseBody" time="0.0" classname="com.employee.TestCases.TC003_POST_EmployeeRecord"/>
  <testcase name="checkResponseTime" time="0.0" classname="com.employee.TestCases.TC003_POST_EmployeeRecord"/>
  <testcase name="checkServerType" time="0.008" classname="com.employee.TestCases.TC003_POST_EmployeeRecord">
    <failure type="java.lang.AssertionError" message="expected [nginx] but found [Apache]">
      <![CDATA[java.lang.AssertionError: expected [nginx] but found [Apache]
at com.employee.TestCases.TC003_POST_EmployeeRecord.checkServerType(TC003_POST_EmployeeRecord.java:69)
at java.util.ArrayList.forEach(Unknown Source)
... Removed 32 stack frames]]>
    </failure>
  </testcase> <!-- checkServerType -->
  <testcase name="checkStatusCode" time="0.0" classname="com.employee.TestCases.TC003_POST_EmployeeRecord"/>
  <testcase name="checkStatusLine" time="0.016" classname="com.employee.TestCases.TC003_POST_EmployeeRecord"/>
  <testcase name="tearDown" time="0.0" classname="com.employee.TestCases.TC003_POST_EmployeeRecord"/>
  <testcase name="checkContentEncoding" time="0.008" classname="com.employee.TestCases.TC004_PUT_UpdateRecord">
    <failure type="java.lang.AssertionError" message="expected [gzip] but found [null]">
      <![CDATA[java.lang.AssertionError: expected [gzip] but found [null]
at com.employee.TestCases.TC004_PUT_UpdateRecord.checkContentEncoding(TC004_PUT_UpdateRecord.java:78)
at java.util.ArrayList.forEach(Unknown Source)
... Removed 33 stack frames]]>
    </failure>
  </testcase> <!-- checkContentEncoding -->
  <testcase name="checkResponseBody" time="0.008" classname="com.employee.TestCases.TC004_PUT_UpdateRecord"/>
  <testcase name="checkResponseTime" time="0.008" classname="com.employee.TestCases.TC004_PUT_UpdateRecord"/>
  <testcase name="checkServerType" time="0.008" classname="com.employee.TestCases.TC004_PUT_UpdateRecord"/>
  <testcase name="checkStatusCode" time="0.0" classname="com.employee.TestCases.TC004_PUT_UpdateRecord"/>
  <testcase name="checkStatusLine" time="0.008" classname="com.employee.TestCases.TC004_PUT_UpdateRecord"/>
  <testcase name="tearDown" time="0.008" classname="com.employee.TestCases.TC004_PUT_UpdateRecord"/>
  <testcase name="checkResponseBody" time="0.008" classname="com.employee.TestCases.TC002_GET_SingleEmployeeData"/>
  <testcase name="checkResponseTime" time="0.0" classname="com.employee.TestCases.TC002_GET_SingleEmployeeData"/>
  <testcase name="checkStatusCode" time="0.008" classname="com.employee.TestCases.TC002_GET_SingleEmployeeData"/>
</testsuite> <!-- Test -->
